<?xml version="1.0" encoding="UTF-8"?>
<!-- Generated by org.testng.reporters.JUnitReportReporter -->
<testsuite hostname="DESKTOP-CCUD8MA" failures="0" tests="3" name="Demo2.GroupingDemo" time="0.025" errors="0" timestamp="2023-07-13T12:43:44 IST" skipped="0">
  <testcase classname="Demo2.GroupingDemo" name="car4" time="0.004"/>
  <testcase classname="Demo2.GroupingDemo" name="car3" time="0.017"/>
  <testcase classname="Demo2.GroupingDemo" name="car5" time="0.004"/>
</testsuite> <!-- Demo2.GroupingDemo -->
