<?xml version="1.0" encoding="UTF-8"?>
<!-- Generated by org.testng.reporters.JUnitReportReporter -->
<testsuite hostname="DESKTOP-CCUD8MA" failures="0" tests="1" name="Demo2.VerifyTitle" time="0.007" errors="0" timestamp="2023-07-13T10:49:51 IST" skipped="0">
  <testcase classname="Demo2.VerifyTitle" name="titleVerification" time="0.007"/>
</testsuite> <!-- Demo2.VerifyTitle -->
